<?xml version="1.0" encoding="UTF-8"?>
<testng-results ignored="0" total="1" passed="1" failed="0" skipped="0">
  <reporter-output>
  </reporter-output>
  <suite started-at="2026-03-27T02:45:54 IST" name="Default suite" finished-at="2026-03-27T02:45:57 IST" duration-ms="3057">
    <groups>
    </groups>
    <test started-at="2026-03-27T02:45:54 IST" name="Default test" finished-at="2026-03-27T02:45:57 IST" duration-ms="3057">
      <class name="serialization.SerializeTest">
        <test-method signature="getLocation()[pri:0, instance:serialization.SerializeTest@7f3b84b8]" started-at="2026-03-27T02:45:54 IST" name="getLocation" finished-at="2026-03-27T02:45:57 IST" duration-ms="2982" status="PASS">
          <reporter-output>
          </reporter-output>
        </test-method> <!-- getLocation -->
      </class> <!-- serialization.SerializeTest -->
    </test> <!-- Default test -->
  </suite> <!-- Default suite -->
</testng-results>
